  [4;36;1mSQL (0.3ms)[0m   [0;1m SELECT name
 FROM sqlite_master
 WHERE type = 'table' AND NOT name = 'sqlite_sequence'
[0m
  [4;35;1mSQL (16.7ms)[0m   [0mselect sqlite_version(*)[0m
  [4;36;1mSQL (2.4ms)[0m   [0;1mCREATE TABLE "schema_migrations" ("version" varchar(255) NOT NULL) [0m
  [4;35;1mSQL (6.2ms)[0m   [0mCREATE UNIQUE INDEX "unique_schema_migrations" ON "schema_migrations" ("version")[0m
  [4;36;1mSQL (0.4ms)[0m   [0;1m SELECT name
 FROM sqlite_master
 WHERE type = 'table' AND NOT name = 'sqlite_sequence'
[0m
  [4;35;1mSQL (0.1ms)[0m   [0mSELECT version FROM schema_migrations[0m
Migrating to CreateUsers (20090613171918)
  [4;36;1mSQL (0.7ms)[0m   [0;1mCREATE TABLE "users" ("id" INTEGER PRIMARY KEY AUTOINCREMENT NOT NULL, "name" varchar(255), "email" varchar(255), "address" text, "active" boolean, "created_at" datetime, "updated_at" datetime) [0m
  [4;35;1mSQL (0.2ms)[0m   [0mINSERT INTO schema_migrations (version) VALUES ('20090613171918')[0m
  [4;36;1mSQL (0.5ms)[0m   [0;1m SELECT name
 FROM sqlite_master
 WHERE type = 'table' AND NOT name = 'sqlite_sequence'
[0m
  [4;35;1mSQL (0.2ms)[0m   [0mSELECT version FROM schema_migrations[0m
  [4;36;1mSQL (0.4ms)[0m   [0;1m SELECT name
 FROM sqlite_master
 WHERE type = 'table' AND NOT name = 'sqlite_sequence'
[0m
  [4;35;1mSQL (0.1ms)[0m   [0mPRAGMA index_list("users")[0m


Processing UsersController#index (for 127.0.0.1 at 2009-06-13 10:20:03) [GET]
  [4;36;1mUser Load (0.6ms)[0m   [0;1mSELECT * FROM "users" [0m
Rendering template within layouts/users
Rendering users/index
Completed in 52ms (View: 46, DB: 1) | 200 OK [http://localhost/users]


Processing UsersController#new (for 127.0.0.1 at 2009-06-13 10:20:11) [GET]
Rendering template within layouts/users
Rendering users/new
Completed in 28ms (View: 21, DB: 0) | 200 OK [http://localhost/users/new]


Processing UsersController#create (for 127.0.0.1 at 2009-06-13 10:20:34) [POST]
  Parameters: {"user"=>{"name"=>"Sam", "address"=>"whatever", "active"=>"1", "email"=>"sam@example.com"}, "commit"=>"Create", "authenticity_token"=>"3hMOpQHKPfIP8JLeXMpa3yi3R7nqzQB+VRzp8D/Kj6w="}
  [4;35;1mUser Create (0.6ms)[0m   [0mINSERT INTO "users" ("name", "updated_at", "address", "email", "active", "created_at") VALUES('Sam', '2009-06-13 17:20:34', 'whatever', 'sam@example.com', 't', '2009-06-13 17:20:34')[0m
Redirected to http://localhost:3000/users/1
Completed in 34ms (DB: 1) | 302 Found [http://localhost/users]


Processing UsersController#show (for 127.0.0.1 at 2009-06-13 10:20:34) [GET]
  Parameters: {"id"=>"1"}
  [4;36;1mUser Load (1.6ms)[0m   [0;1mSELECT * FROM "users" WHERE ("users"."id" = 1) [0m
Rendering template within layouts/users
Rendering users/show
Completed in 17ms (View: 7, DB: 2) | 200 OK [http://localhost/users/1]


Processing UsersController#index (for 127.0.0.1 at 2009-06-13 10:20:39) [GET]
  [4;35;1mUser Load (0.9ms)[0m   [0mSELECT * FROM "users" [0m
Rendering template within layouts/users
Rendering users/index
Completed in 15ms (View: 8, DB: 1) | 200 OK [http://localhost/users]


Processing ApplicationController#index (for 127.0.0.1 at 2009-06-13 13:59:11) [GET]

ActionController::RoutingError (No route matches "/topics" with {:method=>:get}):
  

Rendering rescues/layout (not_found)


Processing TopicsController#index (for 127.0.0.1 at 2009-06-13 14:02:11) [GET]
  [4;36;1mTopic Load (0.0ms)[0m   [0;1mSQLite3::SQLException: no such table: topics: SELECT * FROM "topics" [0m

ActiveRecord::StatementInvalid (SQLite3::SQLException: no such table: topics: SELECT * FROM "topics" ):
  app/controllers/topics_controller.rb:5:in `index'

Rendered rescues/_trace (57.2ms)
Rendered rescues/_request_and_response (1.9ms)
Rendering rescues/layout (internal_server_error)
  [4;36;1mSQL (1.4ms)[0m   [0;1m SELECT name
 FROM sqlite_master
 WHERE type = 'table' AND NOT name = 'sqlite_sequence'
[0m
  [4;35;1mSQL (0.5ms)[0m   [0mSELECT version FROM schema_migrations[0m
Migrating to CreateUsers (20090613171918)
Migrating to CreateTopics (20090613210159)
  [4;36;1mSQL (0.3ms)[0m   [0;1mselect sqlite_version(*)[0m
  [4;35;1mSQL (1.4ms)[0m   [0mCREATE TABLE "topics" ("id" INTEGER PRIMARY KEY AUTOINCREMENT NOT NULL, "title" varchar(255), "description" text, "created_at" datetime, "updated_at" datetime) [0m
  [4;36;1mSQL (0.3ms)[0m   [0;1mINSERT INTO schema_migrations (version) VALUES ('20090613210159')[0m
  [4;35;1mSQL (1.5ms)[0m   [0m SELECT name
 FROM sqlite_master
 WHERE type = 'table' AND NOT name = 'sqlite_sequence'
[0m
  [4;36;1mSQL (0.6ms)[0m   [0;1mSELECT version FROM schema_migrations[0m
  [4;35;1mSQL (1.0ms)[0m   [0m SELECT name
 FROM sqlite_master
 WHERE type = 'table' AND NOT name = 'sqlite_sequence'
[0m
  [4;36;1mSQL (0.2ms)[0m   [0;1mPRAGMA index_list("topics")[0m
  [4;35;1mSQL (0.2ms)[0m   [0mPRAGMA index_list("users")[0m


Processing TopicsController#index (for 127.0.0.1 at 2009-06-13 14:13:24) [GET]
  [4;35;1mTopic Load (1.6ms)[0m   [0mSELECT * FROM "topics" [0m
Rendering template within layouts/topics
Rendering topics/index
Completed in 68ms (View: 50, DB: 2) | 200 OK [http://localhost/topics]
